Determining if the pthread_create exist failed with the following output:
Change Dir: /home/husarion/husarion_ws/build/CMakeFiles/CMakeTmp

Run Build Command:"/usr/bin/make" "cmTC_347a7/fast"
/usr/bin/make -f CMakeFiles/cmTC_347a7.dir/build.make CMakeFiles/cmTC_347a7.dir/build
make[1]: Entering directory '/home/husarion/husarion_ws/build/CMakeFiles/CMakeTmp'
Building C object CMakeFiles/cmTC_347a7.dir/CheckSymbolExists.c.o
/usr/bin/cc    -o CMakeFiles/cmTC_347a7.dir/CheckSymbolExists.c.o   -c /home/husarion/husarion_ws/build/CMakeFiles/CMakeTmp/CheckSymbolExists.c
Linking C executable cmTC_347a7
/usr/bin/cmake -E cmake_link_script CMakeFiles/cmTC_347a7.dir/link.txt --verbose=1
/usr/bin/cc      -rdynamic CMakeFiles/cmTC_347a7.dir/CheckSymbolExists.c.o  -o cmTC_347a7 
CMakeFiles/cmTC_347a7.dir/CheckSymbolExists.c.o: In function `main':
CheckSymbolExists.c:(.text+0x2c): undefined reference to `pthread_create'
collect2: error: ld returned 1 exit status
CMakeFiles/cmTC_347a7.dir/build.make:97: recipe for target 'cmTC_347a7' failed
make[1]: *** [cmTC_347a7] Error 1
make[1]: Leaving directory '/home/husarion/husarion_ws/build/CMakeFiles/CMakeTmp'
Makefile:126: recipe for target 'cmTC_347a7/fast' failed
make: *** [cmTC_347a7/fast] Error 2

File /home/husarion/husarion_ws/build/CMakeFiles/CMakeTmp/CheckSymbolExists.c:
/* */
#include <pthread.h>

int main(int argc, char** argv)
{
  (void)argv;
#ifndef pthread_create
  return ((int*)(&pthread_create))[argc];
#else
  (void)argc;
  return 0;
#endif
}

Determining if the function pthread_create exists in the pthreads failed with the following output:
Change Dir: /home/husarion/husarion_ws/build/CMakeFiles/CMakeTmp

Run Build Command:"/usr/bin/make" "cmTC_65add/fast"
/usr/bin/make -f CMakeFiles/cmTC_65add.dir/build.make CMakeFiles/cmTC_65add.dir/build
make[1]: Entering directory '/home/husarion/husarion_ws/build/CMakeFiles/CMakeTmp'
Building C object CMakeFiles/cmTC_65add.dir/CheckFunctionExists.c.o
/usr/bin/cc   -DCHECK_FUNCTION_EXISTS=pthread_create   -o CMakeFiles/cmTC_65add.dir/CheckFunctionExists.c.o   -c /usr/share/cmake-3.10/Modules/CheckFunctionExists.c
Linking C executable cmTC_65add
/usr/bin/cmake -E cmake_link_script CMakeFiles/cmTC_65add.dir/link.txt --verbose=1
/usr/bin/cc  -DCHECK_FUNCTION_EXISTS=pthread_create    -rdynamic CMakeFiles/cmTC_65add.dir/CheckFunctionExists.c.o  -o cmTC_65add -lpthreads 
/usr/bin/ld: cannot find -lpthreads
collect2: error: ld returned 1 exit status
CMakeFiles/cmTC_65add.dir/build.make:97: recipe for target 'cmTC_65add' failed
make[1]: *** [cmTC_65add] Error 1
make[1]: Leaving directory '/home/husarion/husarion_ws/build/CMakeFiles/CMakeTmp'
Makefile:126: recipe for target 'cmTC_65add/fast' failed
make: *** [cmTC_65add/fast] Error 2


